<?xml version="1.0" encoding="UTF-8"?>
<!-- Generated by org.testng.reporters.JUnitReportReporter -->
<testsuite skipped="0" hostname="Fatimas-MacBook-Pro.local" name="com.prestashop.tests.contactus.PhoneNoTest" tests="4" failures="0" timestamp="05 Mar 2018 15:44:45 GMT" time="2.012" errors="0">
  <testcase name="PhoneNumberAreaTest" time="0.068" classname="com.prestashop.tests.contactus.PhoneNoTest"/>
  <testcase name="priceTest" time="0.930" classname="com.prestashop.tests.contactus.PhoneNoTest"/>
  <testcase name="PhoneNumberAreaTest" time="0.069" classname="com.prestashop.tests.contactus.PhoneNoTest"/>
  <testcase name="priceTest" time="0.945" classname="com.prestashop.tests.contactus.PhoneNoTest"/>
</testsuite> <!-- com.prestashop.tests.contactus.PhoneNoTest -->
