<?xml version="1.0" encoding="UTF-8"?>
<!-- Generated by org.testng.reporters.JUnitReportReporter -->
<testsuite skipped="0" hostname="Fatimas-MacBook-Pro.local" name="com.prestashop.tests.SearchTest" tests="2" failures="0" timestamp="28 Feb 2018 02:11:55 GMT" time="36.957" errors="0">
  <testcase name="searchTest" time="31.022" classname="com.prestashop.tests.SearchTest"/>
  <testcase name="productDetailsTest" time="5.935" classname="com.prestashop.tests.SearchTest"/>
</testsuite> <!-- com.prestashop.tests.SearchTest -->
