<?xml version="1.0" encoding="UTF-8"?>
<!-- Generated by org.testng.reporters.JUnitReportReporter -->
<testsuite skipped="0" hostname="Fatimas-MacBook-Pro.local" name="com.prestashop.tests.search.SearchTest" tests="2" failures="0" timestamp="05 Mar 2018 15:44:45 GMT" time="11.125" errors="0">
  <testcase name="searchTest" time="5.093" classname="com.prestashop.tests.search.SearchTest"/>
  <testcase name="searchTest" time="6.032" classname="com.prestashop.tests.search.SearchTest"/>
</testsuite> <!-- com.prestashop.tests.search.SearchTest -->
