<?xml version="1.0" encoding="UTF-8"?>
<!-- Generated by org.testng.reporters.JUnitReportReporter -->
<testsuite skipped="0" hostname="Fatimas-MacBook-Pro.local" name="com.prestashop.tests.ProductCheckoutTest" tests="2" failures="0" timestamp="28 Feb 2018 03:08:26 GMT" time="1.589" errors="0">
  <testcase name="productListing" time="0.919" classname="com.prestashop.tests.ProductCheckoutTest"/>
  <testcase name="checkoutTest" time="0.670" classname="com.prestashop.tests.ProductCheckoutTest"/>
</testsuite> <!-- com.prestashop.tests.ProductCheckoutTest -->
