<?xml version="1.0" encoding="UTF-8"?>
<!-- Generated by org.testng.reporters.JUnitReportReporter -->
<testsuite skipped="0" hostname="Fatimas-MacBook-Pro.local" name="com.prestashop.tests.LoginTests" tests="1" failures="0" timestamp="03 Mar 2018 19:19:22 GMT" time="2.216" errors="0">
  <testcase name="positiveLoginTest" time="2.216" classname="com.prestashop.tests.LoginTests"/>
</testsuite> <!-- com.prestashop.tests.LoginTests -->
