<?xml version="1.0" encoding="UTF-8"?>
<!-- Generated by org.testng.reporters.JUnitReportReporter -->
<testsuite skipped="0" hostname="Fatimas-MacBook-Pro.local" name="com.prestashop.tests.registration.LoginTests" tests="1" failures="0" timestamp="06 Mar 2018 04:20:44 GMT" time="2.095" errors="0">
  <testcase name="positiveLoginTest" time="2.095" classname="com.prestashop.tests.registration.LoginTests"/>
</testsuite> <!-- com.prestashop.tests.registration.LoginTests -->
