<?xml version="1.0" encoding="UTF-8"?>
<!-- Generated by org.testng.reporters.JUnitReportReporter -->
<testsuite skipped="0" hostname="Fatimas-MacBook-Pro.local" name="tests.LoginTests" tests="1" failures="0" timestamp="27 Feb 2018 14:47:15 GMT" time="2.253" errors="0">
  <testcase name="positiveLoginTest" time="2.253" classname="tests.LoginTests"/>
</testsuite> <!-- tests.LoginTests -->
