<?xml version="1.0" encoding="UTF-8"?>
<!-- Generated by org.testng.reporters.JUnitReportReporter -->
<testsuite skipped="0" hostname="Fatimas-MacBook-Pro.local" name="com.prestashop.tests.PhoneNoTest" tests="2" failures="0" timestamp="01 Mar 2018 20:07:34 GMT" time="1.019" errors="0">
  <testcase name="priceTest" time="0.916" classname="com.prestashop.tests.PhoneNoTest"/>
  <testcase name="PhoneNumberAreaTest" time="0.103" classname="com.prestashop.tests.PhoneNoTest"/>
</testsuite> <!-- com.prestashop.tests.PhoneNoTest -->
